Determining if the pthread_create exist failed with the following output:
Change Dir: /home/vthukral/Downloads/ceres-bin/CMakeFiles/CMakeTmp

Run Build Command:"/usr/bin/make" "cmTC_120ba/fast"
/usr/bin/make -f CMakeFiles/cmTC_120ba.dir/build.make CMakeFiles/cmTC_120ba.dir/build
make[1]: Entering directory '/home/vthukral/Downloads/ceres-bin/CMakeFiles/CMakeTmp'
Building C object CMakeFiles/cmTC_120ba.dir/CheckSymbolExists.c.o
/usr/bin/gcc-5     -o CMakeFiles/cmTC_120ba.dir/CheckSymbolExists.c.o   -c /home/vthukral/Downloads/ceres-bin/CMakeFiles/CMakeTmp/CheckSymbolExists.c
Linking C executable cmTC_120ba
/usr/local/bin/cmake -E cmake_link_script CMakeFiles/cmTC_120ba.dir/link.txt --verbose=1
/usr/bin/gcc-5       CMakeFiles/cmTC_120ba.dir/CheckSymbolExists.c.o  -o cmTC_120ba -rdynamic 
CMakeFiles/cmTC_120ba.dir/CheckSymbolExists.c.o: In function `main':
CheckSymbolExists.c:(.text+0x16): undefined reference to `pthread_create'
collect2: error: ld returned 1 exit status
CMakeFiles/cmTC_120ba.dir/build.make:97: recipe for target 'cmTC_120ba' failed
make[1]: *** [cmTC_120ba] Error 1
make[1]: Leaving directory '/home/vthukral/Downloads/ceres-bin/CMakeFiles/CMakeTmp'
Makefile:126: recipe for target 'cmTC_120ba/fast' failed
make: *** [cmTC_120ba/fast] Error 2

File /home/vthukral/Downloads/ceres-bin/CMakeFiles/CMakeTmp/CheckSymbolExists.c:
/* */
#include <pthread.h>

int main(int argc, char** argv)
{
  (void)argv;
#ifndef pthread_create
  return ((int*)(&pthread_create))[argc];
#else
  (void)argc;
  return 0;
#endif
}

Determining if the function pthread_create exists in the pthreads failed with the following output:
Change Dir: /home/vthukral/Downloads/ceres-bin/CMakeFiles/CMakeTmp

Run Build Command:"/usr/bin/make" "cmTC_eefc4/fast"
/usr/bin/make -f CMakeFiles/cmTC_eefc4.dir/build.make CMakeFiles/cmTC_eefc4.dir/build
make[1]: Entering directory '/home/vthukral/Downloads/ceres-bin/CMakeFiles/CMakeTmp'
Building C object CMakeFiles/cmTC_eefc4.dir/CheckFunctionExists.c.o
/usr/bin/gcc-5    -DCHECK_FUNCTION_EXISTS=pthread_create   -o CMakeFiles/cmTC_eefc4.dir/CheckFunctionExists.c.o   -c /usr/local/share/cmake-3.6/Modules/CheckFunctionExists.c
Linking C executable cmTC_eefc4
/usr/local/bin/cmake -E cmake_link_script CMakeFiles/cmTC_eefc4.dir/link.txt --verbose=1
/usr/bin/gcc-5   -DCHECK_FUNCTION_EXISTS=pthread_create    CMakeFiles/cmTC_eefc4.dir/CheckFunctionExists.c.o  -o cmTC_eefc4 -rdynamic -lpthreads 
/usr/bin/ld: cannot find -lpthreads
collect2: error: ld returned 1 exit status
CMakeFiles/cmTC_eefc4.dir/build.make:97: recipe for target 'cmTC_eefc4' failed
make[1]: *** [cmTC_eefc4] Error 1
make[1]: Leaving directory '/home/vthukral/Downloads/ceres-bin/CMakeFiles/CMakeTmp'
Makefile:126: recipe for target 'cmTC_eefc4/fast' failed
make: *** [cmTC_eefc4/fast] Error 2


Determining if the include file unordered_map exists failed with the following output:
Change Dir: /home/vthukral/Downloads/ceres-bin/CMakeFiles/CMakeTmp

Run Build Command:"/usr/bin/make" "cmTC_8e9d3/fast"
/usr/bin/make -f CMakeFiles/cmTC_8e9d3.dir/build.make CMakeFiles/cmTC_8e9d3.dir/build
make[1]: Entering directory '/home/vthukral/Downloads/ceres-bin/CMakeFiles/CMakeTmp'
Building CXX object CMakeFiles/cmTC_8e9d3.dir/CheckIncludeFile.cxx.o
/usr/bin/g++-5     -fopenmp  -fopenmp   -o CMakeFiles/cmTC_8e9d3.dir/CheckIncludeFile.cxx.o -c /home/vthukral/Downloads/ceres-bin/CMakeFiles/CMakeTmp/CheckIncludeFile.cxx
In file included from /usr/include/c++/5/unordered_map:35:0,
                 from /home/vthukral/Downloads/ceres-bin/CMakeFiles/CMakeTmp/CheckIncludeFile.cxx:1:
/usr/include/c++/5/bits/c++0x_warning.h:32:2: error: #error This file requires compiler and library support for the ISO C++ 2011 standard. This support must be enabled with the -std=c++11 or -std=gnu++11 compiler options.
 #error This file requires compiler and library support \
  ^
CMakeFiles/cmTC_8e9d3.dir/build.make:65: recipe for target 'CMakeFiles/cmTC_8e9d3.dir/CheckIncludeFile.cxx.o' failed
make[1]: *** [CMakeFiles/cmTC_8e9d3.dir/CheckIncludeFile.cxx.o] Error 1
make[1]: Leaving directory '/home/vthukral/Downloads/ceres-bin/CMakeFiles/CMakeTmp'
Makefile:126: recipe for target 'cmTC_8e9d3/fast' failed
make: *** [cmTC_8e9d3/fast] Error 2


Performing C++ SOURCE FILE Test HAVE_SHARED_PTR_IN_STD_NAMESPACE failed with the following output:
Change Dir: /home/vthukral/Downloads/ceres-bin/CMakeFiles/CMakeTmp

Run Build Command:"/usr/bin/make" "cmTC_a8887/fast"
/usr/bin/make -f CMakeFiles/cmTC_a8887.dir/build.make CMakeFiles/cmTC_a8887.dir/build
make[1]: Entering directory '/home/vthukral/Downloads/ceres-bin/CMakeFiles/CMakeTmp'
Building CXX object CMakeFiles/cmTC_a8887.dir/src.cxx.o
/usr/bin/g++-5     -fopenmp -DHAVE_SHARED_PTR_IN_STD_NAMESPACE  -fopenmp   -o CMakeFiles/cmTC_a8887.dir/src.cxx.o -c /home/vthukral/Downloads/ceres-bin/CMakeFiles/CMakeTmp/src.cxx
/home/vthukral/Downloads/ceres-bin/CMakeFiles/CMakeTmp/src.cxx: In function ‘int main()’:
/home/vthukral/Downloads/ceres-bin/CMakeFiles/CMakeTmp/src.cxx:3:34: error: ‘shared_ptr’ is not a member of ‘std’
                                  std::shared_ptr<int> int_ptr;
                                  ^
/home/vthukral/Downloads/ceres-bin/CMakeFiles/CMakeTmp/src.cxx:3:50: error: expected primary-expression before ‘int’
                                  std::shared_ptr<int> int_ptr;
                                                  ^
CMakeFiles/cmTC_a8887.dir/build.make:65: recipe for target 'CMakeFiles/cmTC_a8887.dir/src.cxx.o' failed
make[1]: *** [CMakeFiles/cmTC_a8887.dir/src.cxx.o] Error 1
make[1]: Leaving directory '/home/vthukral/Downloads/ceres-bin/CMakeFiles/CMakeTmp'
Makefile:126: recipe for target 'cmTC_a8887/fast' failed
make: *** [cmTC_a8887/fast] Error 2

Source file was:
#include <memory>
                               int main() {
                                 std::shared_ptr<int> int_ptr;
                                 return 0;
                               }
Performing C++ SOURCE FILE Test HAVE_SHARED_PTR_IN_TR1_NAMESPACE failed with the following output:
Change Dir: /home/vthukral/Downloads/ceres-bin/CMakeFiles/CMakeTmp

Run Build Command:"/usr/bin/make" "cmTC_a0358/fast"
/usr/bin/make -f CMakeFiles/cmTC_a0358.dir/build.make CMakeFiles/cmTC_a0358.dir/build
make[1]: Entering directory '/home/vthukral/Downloads/ceres-bin/CMakeFiles/CMakeTmp'
Building CXX object CMakeFiles/cmTC_a0358.dir/src.cxx.o
/usr/bin/g++-5     -fopenmp -DHAVE_SHARED_PTR_IN_TR1_NAMESPACE  -fopenmp   -o CMakeFiles/cmTC_a0358.dir/src.cxx.o -c /home/vthukral/Downloads/ceres-bin/CMakeFiles/CMakeTmp/src.cxx
/home/vthukral/Downloads/ceres-bin/CMakeFiles/CMakeTmp/src.cxx: In function ‘int main()’:
/home/vthukral/Downloads/ceres-bin/CMakeFiles/CMakeTmp/src.cxx:3:41: error: ‘std::tr1’ has not been declared
                                    std::tr1::shared_ptr<int> int_ptr;
                                         ^
/home/vthukral/Downloads/ceres-bin/CMakeFiles/CMakeTmp/src.cxx:3:57: error: expected primary-expression before ‘int’
                                    std::tr1::shared_ptr<int> int_ptr;
                                                         ^
CMakeFiles/cmTC_a0358.dir/build.make:65: recipe for target 'CMakeFiles/cmTC_a0358.dir/src.cxx.o' failed
make[1]: *** [CMakeFiles/cmTC_a0358.dir/src.cxx.o] Error 1
make[1]: Leaving directory '/home/vthukral/Downloads/ceres-bin/CMakeFiles/CMakeTmp'
Makefile:126: recipe for target 'cmTC_a0358/fast' failed
make: *** [cmTC_a0358/fast] Error 2

Source file was:
#include <memory>
                                 int main() {
                                   std::tr1::shared_ptr<int> int_ptr;
                                   return 0;
                                 }
Performing C++ SOURCE FILE Test CXX11_MATH_FUNCTIONS_FOUND failed with the following output:
Change Dir: /home/vthukral/Downloads/ceres-bin/CMakeFiles/CMakeTmp

Run Build Command:"/usr/bin/make" "cmTC_76736/fast"
/usr/bin/make -f CMakeFiles/cmTC_76736.dir/build.make CMakeFiles/cmTC_76736.dir/build
make[1]: Entering directory '/home/vthukral/Downloads/ceres-bin/CMakeFiles/CMakeTmp'
Building CXX object CMakeFiles/cmTC_76736.dir/src.cxx.o
/usr/bin/g++-5     -fopenmp -DCXX11_MATH_FUNCTIONS_FOUND  -fopenmp   -o CMakeFiles/cmTC_76736.dir/src.cxx.o -c /home/vthukral/Downloads/ceres-bin/CMakeFiles/CMakeTmp/src.cxx
/home/vthukral/Downloads/ceres-bin/CMakeFiles/CMakeTmp/src.cxx:3:37: error: ‘constexpr’ does not name a type
                              static constexpr size_t kMaxAlignBytes = alignof(std::max_align_t);
                                     ^
/home/vthukral/Downloads/ceres-bin/CMakeFiles/CMakeTmp/src.cxx:3:37: note: C++11 ‘constexpr’ only available with -std=c++11 or -std=gnu++11
/home/vthukral/Downloads/ceres-bin/CMakeFiles/CMakeTmp/src.cxx: In function ‘int main()’:
/home/vthukral/Downloads/ceres-bin/CMakeFiles/CMakeTmp/src.cxx:5:33: error: ‘cbrt’ is not a member of ‘std’
                                 std::cbrt(1.0);
                                 ^
/home/vthukral/Downloads/ceres-bin/CMakeFiles/CMakeTmp/src.cxx:5:33: note: suggested alternative:
In file included from /usr/include/features.h:367:0,
                 from /usr/include/x86_64-linux-gnu/c++/5/bits/os_defines.h:39,
                 from /usr/include/x86_64-linux-gnu/c++/5/bits/c++config.h:489,
                 from /usr/include/c++/5/cmath:41,
                 from /home/vthukral/Downloads/ceres-bin/CMakeFiles/CMakeTmp/src.cxx:1:
/usr/include/x86_64-linux-gnu/bits/mathcalls.h:169:1: note:   ‘cbrt’
 __MATHCALL (cbrt,, (_Mdouble_ __x));
 ^
/home/vthukral/Downloads/ceres-bin/CMakeFiles/CMakeTmp/src.cxx:6:33: error: ‘exp2’ is not a member of ‘std’
                                 std::exp2(1.0);
                                 ^
/home/vthukral/Downloads/ceres-bin/CMakeFiles/CMakeTmp/src.cxx:6:33: note: suggested alternative:
In file included from /usr/include/features.h:367:0,
                 from /usr/include/x86_64-linux-gnu/c++/5/bits/os_defines.h:39,
                 from /usr/include/x86_64-linux-gnu/c++/5/bits/c++config.h:489,
                 from /usr/include/c++/5/cmath:41,
                 from /home/vthukral/Downloads/ceres-bin/CMakeFiles/CMakeTmp/src.cxx:1:
/usr/include/x86_64-linux-gnu/bits/mathcalls.h:141:1: note:   ‘exp2’
 __MATHCALL (exp2,, (_Mdouble_ __x));
 ^
/home/vthukral/Downloads/ceres-bin/CMakeFiles/CMakeTmp/src.cxx:7:33: error: ‘log2’ is not a member of ‘std’
                                 std::log2(1.0);
                                 ^
/home/vthukral/Downloads/ceres-bin/CMakeFiles/CMakeTmp/src.cxx:7:33: note: suggested alternative:
In file included from /usr/include/features.h:367:0,
                 from /usr/include/x86_64-linux-gnu/c++/5/bits/os_defines.h:39,
                 from /usr/include/x86_64-linux-gnu/c++/5/bits/c++config.h:489,
                 from /usr/include/c++/5/cmath:41,
                 from /home/vthukral/Downloads/ceres-bin/CMakeFiles/CMakeTmp/src.cxx:1:
/usr/include/x86_64-linux-gnu/bits/mathcalls.h:144:1: note:   ‘log2’
 __MATHCALL (log2,, (_Mdouble_ __x));
 ^
/home/vthukral/Downloads/ceres-bin/CMakeFiles/CMakeTmp/src.cxx:8:33: error: ‘hypot’ is not a member of ‘std’
                                 std::hypot(1.0, 1.0);
                                 ^
/home/vthukral/Downloads/ceres-bin/CMakeFiles/CMakeTmp/src.cxx:8:33: note: suggested alternative:
In file included from /usr/include/features.h:367:0,
                 from /usr/include/x86_64-linux-gnu/c++/5/bits/os_defines.h:39,
                 from /usr/include/x86_64-linux-gnu/c++/5/bits/c++config.h:489,
                 from /usr/include/c++/5/cmath:41,
                 from /home/vthukral/Downloads/ceres-bin/CMakeFiles/CMakeTmp/src.cxx:1:
/usr/include/x86_64-linux-gnu/bits/mathcalls.h:162:1: note:   ‘hypot’
 __MATHCALL (hypot,, (_Mdouble_ __x, _Mdouble_ __y));
 ^
/home/vthukral/Downloads/ceres-bin/CMakeFiles/CMakeTmp/src.cxx:9:33: error: ‘fmax’ is not a member of ‘std’
                                 std::fmax(1.0, 1.0);
                                 ^
/home/vthukral/Downloads/ceres-bin/CMakeFiles/CMakeTmp/src.cxx:9:33: note: suggested alternative:
In file included from /usr/include/features.h:367:0,
                 from /usr/include/x86_64-linux-gnu/c++/5/bits/os_defines.h:39,
                 from /usr/include/x86_64-linux-gnu/c++/5/bits/c++config.h:489,
                 from /usr/include/c++/5/cmath:41,
                 from /home/vthukral/Downloads/ceres-bin/CMakeFiles/CMakeTmp/src.cxx:1:
/usr/include/x86_64-linux-gnu/bits/mathcalls.h:350:1: note:   ‘fmax’
 __MATHCALLX (fmax,, (_Mdouble_ __x, _Mdouble_ __y), (__const__));
 ^
/home/vthukral/Downloads/ceres-bin/CMakeFiles/CMakeTmp/src.cxx:10:33: error: ‘fmin’ is not a member of ‘std’
                                 std::fmin(1.0, 1.0);
                                 ^
/home/vthukral/Downloads/ceres-bin/CMakeFiles/CMakeTmp/src.cxx:10:33: note: suggested alternative:
In file included from /usr/include/features.h:367:0,
                 from /usr/include/x86_64-linux-gnu/c++/5/bits/os_defines.h:39,
                 from /usr/include/x86_64-linux-gnu/c++/5/bits/c++config.h:489,
                 from /usr/include/c++/5/cmath:41,
                 from /home/vthukral/Downloads/ceres-bin/CMakeFiles/CMakeTmp/src.cxx:1:
/usr/include/x86_64-linux-gnu/bits/mathcalls.h:353:1: note:   ‘fmin’
 __MATHCALLX (fmin,, (_Mdouble_ __x, _Mdouble_ __y), (__const__));
 ^
CMakeFiles/cmTC_76736.dir/build.make:65: recipe for target 'CMakeFiles/cmTC_76736.dir/src.cxx.o' failed
make[1]: *** [CMakeFiles/cmTC_76736.dir/src.cxx.o] Error 1
make[1]: Leaving directory '/home/vthukral/Downloads/ceres-bin/CMakeFiles/CMakeTmp'
Makefile:126: recipe for target 'cmTC_76736/fast' failed
make: *** [cmTC_76736/fast] Error 2

Source file was:
#include <cmath>
                             #include <cstddef>
                             static constexpr size_t kMaxAlignBytes = alignof(std::max_align_t);
                             int main() {
                                std::cbrt(1.0);
                                std::exp2(1.0);
                                std::log2(1.0);
                                std::hypot(1.0, 1.0);
                                std::fmax(1.0, 1.0);
                                std::fmin(1.0, 1.0);
                                return 0;
                             }
Determining if the include file unordered_map exists failed with the following output:
Change Dir: /home/vthukral/CodeMy/grim_cereseigen_testing/Linux/3rdParty/ceres-bin/CMakeFiles/CMakeTmp

Run Build Command:"/usr/bin/make" "cmTC_e0abe/fast"
/usr/bin/make -f CMakeFiles/cmTC_e0abe.dir/build.make CMakeFiles/cmTC_e0abe.dir/build
make[1]: Entering directory '/home/vthukral/CodeMy/grim_cereseigen_testing/Linux/3rdParty/ceres-bin/CMakeFiles/CMakeTmp'
Building CXX object CMakeFiles/cmTC_e0abe.dir/CheckIncludeFile.cxx.o
/usr/bin/g++-5     -fopenmp  -fopenmp   -o CMakeFiles/cmTC_e0abe.dir/CheckIncludeFile.cxx.o -c /home/vthukral/CodeMy/grim_cereseigen_testing/Linux/3rdParty/ceres-bin/CMakeFiles/CMakeTmp/CheckIncludeFile.cxx
In file included from /usr/include/c++/5/unordered_map:35:0,
                 from /home/vthukral/CodeMy/grim_cereseigen_testing/Linux/3rdParty/ceres-bin/CMakeFiles/CMakeTmp/CheckIncludeFile.cxx:1:
/usr/include/c++/5/bits/c++0x_warning.h:32:2: error: #error This file requires compiler and library support for the ISO C++ 2011 standard. This support must be enabled with the -std=c++11 or -std=gnu++11 compiler options.
 #error This file requires compiler and library support \
  ^
CMakeFiles/cmTC_e0abe.dir/build.make:65: recipe for target 'CMakeFiles/cmTC_e0abe.dir/CheckIncludeFile.cxx.o' failed
make[1]: *** [CMakeFiles/cmTC_e0abe.dir/CheckIncludeFile.cxx.o] Error 1
make[1]: Leaving directory '/home/vthukral/CodeMy/grim_cereseigen_testing/Linux/3rdParty/ceres-bin/CMakeFiles/CMakeTmp'
Makefile:126: recipe for target 'cmTC_e0abe/fast' failed
make: *** [cmTC_e0abe/fast] Error 2


Performing C++ SOURCE FILE Test HAVE_SHARED_PTR_IN_STD_NAMESPACE failed with the following output:
Change Dir: /home/vthukral/CodeMy/grim_cereseigen_testing/Linux/3rdParty/ceres-bin/CMakeFiles/CMakeTmp

Run Build Command:"/usr/bin/make" "cmTC_c425d/fast"
/usr/bin/make -f CMakeFiles/cmTC_c425d.dir/build.make CMakeFiles/cmTC_c425d.dir/build
make[1]: Entering directory '/home/vthukral/CodeMy/grim_cereseigen_testing/Linux/3rdParty/ceres-bin/CMakeFiles/CMakeTmp'
Building CXX object CMakeFiles/cmTC_c425d.dir/src.cxx.o
/usr/bin/g++-5     -fopenmp -DHAVE_SHARED_PTR_IN_STD_NAMESPACE  -fopenmp   -o CMakeFiles/cmTC_c425d.dir/src.cxx.o -c /home/vthukral/CodeMy/grim_cereseigen_testing/Linux/3rdParty/ceres-bin/CMakeFiles/CMakeTmp/src.cxx
/home/vthukral/CodeMy/grim_cereseigen_testing/Linux/3rdParty/ceres-bin/CMakeFiles/CMakeTmp/src.cxx: In function ‘int main()’:
/home/vthukral/CodeMy/grim_cereseigen_testing/Linux/3rdParty/ceres-bin/CMakeFiles/CMakeTmp/src.cxx:3:34: error: ‘shared_ptr’ is not a member of ‘std’
                                  std::shared_ptr<int> int_ptr;
                                  ^
/home/vthukral/CodeMy/grim_cereseigen_testing/Linux/3rdParty/ceres-bin/CMakeFiles/CMakeTmp/src.cxx:3:50: error: expected primary-expression before ‘int’
                                  std::shared_ptr<int> int_ptr;
                                                  ^
CMakeFiles/cmTC_c425d.dir/build.make:65: recipe for target 'CMakeFiles/cmTC_c425d.dir/src.cxx.o' failed
make[1]: *** [CMakeFiles/cmTC_c425d.dir/src.cxx.o] Error 1
make[1]: Leaving directory '/home/vthukral/CodeMy/grim_cereseigen_testing/Linux/3rdParty/ceres-bin/CMakeFiles/CMakeTmp'
Makefile:126: recipe for target 'cmTC_c425d/fast' failed
make: *** [cmTC_c425d/fast] Error 2

Source file was:
#include <memory>
                               int main() {
                                 std::shared_ptr<int> int_ptr;
                                 return 0;
                               }
Performing C++ SOURCE FILE Test HAVE_SHARED_PTR_IN_TR1_NAMESPACE failed with the following output:
Change Dir: /home/vthukral/CodeMy/grim_cereseigen_testing/Linux/3rdParty/ceres-bin/CMakeFiles/CMakeTmp

Run Build Command:"/usr/bin/make" "cmTC_0528e/fast"
/usr/bin/make -f CMakeFiles/cmTC_0528e.dir/build.make CMakeFiles/cmTC_0528e.dir/build
make[1]: Entering directory '/home/vthukral/CodeMy/grim_cereseigen_testing/Linux/3rdParty/ceres-bin/CMakeFiles/CMakeTmp'
Building CXX object CMakeFiles/cmTC_0528e.dir/src.cxx.o
/usr/bin/g++-5     -fopenmp -DHAVE_SHARED_PTR_IN_TR1_NAMESPACE  -fopenmp   -o CMakeFiles/cmTC_0528e.dir/src.cxx.o -c /home/vthukral/CodeMy/grim_cereseigen_testing/Linux/3rdParty/ceres-bin/CMakeFiles/CMakeTmp/src.cxx
/home/vthukral/CodeMy/grim_cereseigen_testing/Linux/3rdParty/ceres-bin/CMakeFiles/CMakeTmp/src.cxx: In function ‘int main()’:
/home/vthukral/CodeMy/grim_cereseigen_testing/Linux/3rdParty/ceres-bin/CMakeFiles/CMakeTmp/src.cxx:3:41: error: ‘std::tr1’ has not been declared
                                    std::tr1::shared_ptr<int> int_ptr;
                                         ^
/home/vthukral/CodeMy/grim_cereseigen_testing/Linux/3rdParty/ceres-bin/CMakeFiles/CMakeTmp/src.cxx:3:57: error: expected primary-expression before ‘int’
                                    std::tr1::shared_ptr<int> int_ptr;
                                                         ^
CMakeFiles/cmTC_0528e.dir/build.make:65: recipe for target 'CMakeFiles/cmTC_0528e.dir/src.cxx.o' failed
make[1]: *** [CMakeFiles/cmTC_0528e.dir/src.cxx.o] Error 1
make[1]: Leaving directory '/home/vthukral/CodeMy/grim_cereseigen_testing/Linux/3rdParty/ceres-bin/CMakeFiles/CMakeTmp'
Makefile:126: recipe for target 'cmTC_0528e/fast' failed
make: *** [cmTC_0528e/fast] Error 2

Source file was:
#include <memory>
                                 int main() {
                                   std::tr1::shared_ptr<int> int_ptr;
                                   return 0;
                                 }
Performing C++ SOURCE FILE Test CXX11_MATH_FUNCTIONS_FOUND failed with the following output:
Change Dir: /home/vthukral/CodeMy/grim_cereseigen_testing/Linux/3rdParty/ceres-bin/CMakeFiles/CMakeTmp

Run Build Command:"/usr/bin/make" "cmTC_56b15/fast"
/usr/bin/make -f CMakeFiles/cmTC_56b15.dir/build.make CMakeFiles/cmTC_56b15.dir/build
make[1]: Entering directory '/home/vthukral/CodeMy/grim_cereseigen_testing/Linux/3rdParty/ceres-bin/CMakeFiles/CMakeTmp'
Building CXX object CMakeFiles/cmTC_56b15.dir/src.cxx.o
/usr/bin/g++-5     -fopenmp -DCXX11_MATH_FUNCTIONS_FOUND  -fopenmp   -o CMakeFiles/cmTC_56b15.dir/src.cxx.o -c /home/vthukral/CodeMy/grim_cereseigen_testing/Linux/3rdParty/ceres-bin/CMakeFiles/CMakeTmp/src.cxx
/home/vthukral/CodeMy/grim_cereseigen_testing/Linux/3rdParty/ceres-bin/CMakeFiles/CMakeTmp/src.cxx:3:37: error: ‘constexpr’ does not name a type
                              static constexpr size_t kMaxAlignBytes = alignof(std::max_align_t);
                                     ^
/home/vthukral/CodeMy/grim_cereseigen_testing/Linux/3rdParty/ceres-bin/CMakeFiles/CMakeTmp/src.cxx:3:37: note: C++11 ‘constexpr’ only available with -std=c++11 or -std=gnu++11
/home/vthukral/CodeMy/grim_cereseigen_testing/Linux/3rdParty/ceres-bin/CMakeFiles/CMakeTmp/src.cxx: In function ‘int main()’:
/home/vthukral/CodeMy/grim_cereseigen_testing/Linux/3rdParty/ceres-bin/CMakeFiles/CMakeTmp/src.cxx:5:33: error: ‘cbrt’ is not a member of ‘std’
                                 std::cbrt(1.0);
                                 ^
/home/vthukral/CodeMy/grim_cereseigen_testing/Linux/3rdParty/ceres-bin/CMakeFiles/CMakeTmp/src.cxx:5:33: note: suggested alternative:
In file included from /usr/include/features.h:367:0,
                 from /usr/include/x86_64-linux-gnu/c++/5/bits/os_defines.h:39,
                 from /usr/include/x86_64-linux-gnu/c++/5/bits/c++config.h:489,
                 from /usr/include/c++/5/cmath:41,
                 from /home/vthukral/CodeMy/grim_cereseigen_testing/Linux/3rdParty/ceres-bin/CMakeFiles/CMakeTmp/src.cxx:1:
/usr/include/x86_64-linux-gnu/bits/mathcalls.h:169:1: note:   ‘cbrt’
 __MATHCALL (cbrt,, (_Mdouble_ __x));
 ^
/home/vthukral/CodeMy/grim_cereseigen_testing/Linux/3rdParty/ceres-bin/CMakeFiles/CMakeTmp/src.cxx:6:33: error: ‘exp2’ is not a member of ‘std’
                                 std::exp2(1.0);
                                 ^
/home/vthukral/CodeMy/grim_cereseigen_testing/Linux/3rdParty/ceres-bin/CMakeFiles/CMakeTmp/src.cxx:6:33: note: suggested alternative:
In file included from /usr/include/features.h:367:0,
                 from /usr/include/x86_64-linux-gnu/c++/5/bits/os_defines.h:39,
                 from /usr/include/x86_64-linux-gnu/c++/5/bits/c++config.h:489,
                 from /usr/include/c++/5/cmath:41,
                 from /home/vthukral/CodeMy/grim_cereseigen_testing/Linux/3rdParty/ceres-bin/CMakeFiles/CMakeTmp/src.cxx:1:
/usr/include/x86_64-linux-gnu/bits/mathcalls.h:141:1: note:   ‘exp2’
 __MATHCALL (exp2,, (_Mdouble_ __x));
 ^
/home/vthukral/CodeMy/grim_cereseigen_testing/Linux/3rdParty/ceres-bin/CMakeFiles/CMakeTmp/src.cxx:7:33: error: ‘log2’ is not a member of ‘std’
                                 std::log2(1.0);
                                 ^
/home/vthukral/CodeMy/grim_cereseigen_testing/Linux/3rdParty/ceres-bin/CMakeFiles/CMakeTmp/src.cxx:7:33: note: suggested alternative:
In file included from /usr/include/features.h:367:0,
                 from /usr/include/x86_64-linux-gnu/c++/5/bits/os_defines.h:39,
                 from /usr/include/x86_64-linux-gnu/c++/5/bits/c++config.h:489,
                 from /usr/include/c++/5/cmath:41,
                 from /home/vthukral/CodeMy/grim_cereseigen_testing/Linux/3rdParty/ceres-bin/CMakeFiles/CMakeTmp/src.cxx:1:
/usr/include/x86_64-linux-gnu/bits/mathcalls.h:144:1: note:   ‘log2’
 __MATHCALL (log2,, (_Mdouble_ __x));
 ^
/home/vthukral/CodeMy/grim_cereseigen_testing/Linux/3rdParty/ceres-bin/CMakeFiles/CMakeTmp/src.cxx:8:33: error: ‘hypot’ is not a member of ‘std’
                                 std::hypot(1.0, 1.0);
                                 ^
/home/vthukral/CodeMy/grim_cereseigen_testing/Linux/3rdParty/ceres-bin/CMakeFiles/CMakeTmp/src.cxx:8:33: note: suggested alternative:
In file included from /usr/include/features.h:367:0,
                 from /usr/include/x86_64-linux-gnu/c++/5/bits/os_defines.h:39,
                 from /usr/include/x86_64-linux-gnu/c++/5/bits/c++config.h:489,
                 from /usr/include/c++/5/cmath:41,
                 from /home/vthukral/CodeMy/grim_cereseigen_testing/Linux/3rdParty/ceres-bin/CMakeFiles/CMakeTmp/src.cxx:1:
/usr/include/x86_64-linux-gnu/bits/mathcalls.h:162:1: note:   ‘hypot’
 __MATHCALL (hypot,, (_Mdouble_ __x, _Mdouble_ __y));
 ^
/home/vthukral/CodeMy/grim_cereseigen_testing/Linux/3rdParty/ceres-bin/CMakeFiles/CMakeTmp/src.cxx:9:33: error: ‘fmax’ is not a member of ‘std’
                                 std::fmax(1.0, 1.0);
                                 ^
/home/vthukral/CodeMy/grim_cereseigen_testing/Linux/3rdParty/ceres-bin/CMakeFiles/CMakeTmp/src.cxx:9:33: note: suggested alternative:
In file included from /usr/include/features.h:367:0,
                 from /usr/include/x86_64-linux-gnu/c++/5/bits/os_defines.h:39,
                 from /usr/include/x86_64-linux-gnu/c++/5/bits/c++config.h:489,
                 from /usr/include/c++/5/cmath:41,
                 from /home/vthukral/CodeMy/grim_cereseigen_testing/Linux/3rdParty/ceres-bin/CMakeFiles/CMakeTmp/src.cxx:1:
/usr/include/x86_64-linux-gnu/bits/mathcalls.h:350:1: note:   ‘fmax’
 __MATHCALLX (fmax,, (_Mdouble_ __x, _Mdouble_ __y), (__const__));
 ^
/home/vthukral/CodeMy/grim_cereseigen_testing/Linux/3rdParty/ceres-bin/CMakeFiles/CMakeTmp/src.cxx:10:33: error: ‘fmin’ is not a member of ‘std’
                                 std::fmin(1.0, 1.0);
                                 ^
/home/vthukral/CodeMy/grim_cereseigen_testing/Linux/3rdParty/ceres-bin/CMakeFiles/CMakeTmp/src.cxx:10:33: note: suggested alternative:
In file included from /usr/include/features.h:367:0,
                 from /usr/include/x86_64-linux-gnu/c++/5/bits/os_defines.h:39,
                 from /usr/include/x86_64-linux-gnu/c++/5/bits/c++config.h:489,
                 from /usr/include/c++/5/cmath:41,
                 from /home/vthukral/CodeMy/grim_cereseigen_testing/Linux/3rdParty/ceres-bin/CMakeFiles/CMakeTmp/src.cxx:1:
/usr/include/x86_64-linux-gnu/bits/mathcalls.h:353:1: note:   ‘fmin’
 __MATHCALLX (fmin,, (_Mdouble_ __x, _Mdouble_ __y), (__const__));
 ^
CMakeFiles/cmTC_56b15.dir/build.make:65: recipe for target 'CMakeFiles/cmTC_56b15.dir/src.cxx.o' failed
make[1]: *** [CMakeFiles/cmTC_56b15.dir/src.cxx.o] Error 1
make[1]: Leaving directory '/home/vthukral/CodeMy/grim_cereseigen_testing/Linux/3rdParty/ceres-bin/CMakeFiles/CMakeTmp'
Makefile:126: recipe for target 'cmTC_56b15/fast' failed
make: *** [cmTC_56b15/fast] Error 2

Source file was:
#include <cmath>
                             #include <cstddef>
                             static constexpr size_t kMaxAlignBytes = alignof(std::max_align_t);
                             int main() {
                                std::cbrt(1.0);
                                std::exp2(1.0);
                                std::log2(1.0);
                                std::hypot(1.0, 1.0);
                                std::fmax(1.0, 1.0);
                                std::fmin(1.0, 1.0);
                                return 0;
                             }
